<?xml version="1.0" encoding="UTF-8"?>
<testsuite name="FirstSpecification" tests="9" skipped="0" failures="1" errors="0" timestamp="2021-12-01T23:12:16" hostname="DESKTOP-23EKJST" time="0.236">
  <properties/>
  <testcase name="one plus one should equal two" classname="FirstSpecification" time="0.159"/>
  <testcase name="two plus two should equal four" classname="FirstSpecification" time="0.002"/>
  <testcase name="Should be able to remove from list" classname="FirstSpecification" time="0.023"/>
  <testcase name="Should get an index out of bounds when removing a nonexistent item" classname="FirstSpecification" time="0.002"/>
  <testcase name="numbers to the power of two [a: 1, b: 2, c: 1, #0]" classname="FirstSpecification" time="0.002"/>
  <testcase name="numbers to the power of two [a: 2, b: 2, c: 4, #1]" classname="FirstSpecification" time="0.0"/>
  <testcase name="numbers to the power of two [a: 3, b: 2, c: 9, #2]" classname="FirstSpecification" time="0.0"/>
  <testcase name="cena" classname="FirstSpecification" time="0.037"/>
  <testcase name="Should verify notify was called" classname="FirstSpecification" time="0.005">
    <failure message="groovy.lang.MissingPropertyException: No such property: Notifier for class: FirstSpecification" type="groovy.lang.MissingPropertyException">groovy.lang.MissingPropertyException: No such property: Notifier for class: FirstSpecification
	at FirstSpecification.Should verify notify was called(FirstSpecification.groovy:55)
</failure>
  </testcase>
  <system-out><![CDATA[]]></system-out>
  <system-err><![CDATA[]]></system-err>
</testsuite>
